#
# A fatal error has been detected by the Java Runtime Environment:
#
#  Internal Error (javaClasses.cpp:129), pid=11632, tid=9736
#  fatal error: Invalid layout of preloaded class
#
# JRE version: 7.0_17-b02
# Java VM: Java HotSpot(TM) Client VM (23.7-b01 mixed mode windows-x86 )
# Failed to write core dump. Minidumps are not enabled by default on client versions of Windows
#
# If you would like to submit a bug report, please visit:
#   http://bugreport.sun.com/bugreport/crash.jsp
#

---------------  T H R E A D  ---------------

Current thread (0x00a4c000):  JavaThread "Unknown thread" [_thread_in_vm, id=9736, stack(0x01a70000,0x01ac0000)]

Stack: [0x01a70000,0x01ac0000],  sp=0x01abf9c8,  free space=318k
Native frames: (J=compiled Java code, j=interpreted, Vv=VM code, C=native code)
V  [jvm.dll+0x16f261]
V  [jvm.dll+0x1693d6]
V  [jvm.dll+0x2079f]
V  [jvm.dll+0x20826]
V  [jvm.dll+0x2e5bd]
V  [jvm.dll+0x2e869]
V  [jvm.dll+0x77ba1]
V  [jvm.dll+0x77f5b]
V  [jvm.dll+0x1290e1]
V  [jvm.dll+0x149b3a]
V  [jvm.dll+0xa98df]
C  [javaw.exe+0x13ca]
C  [javaw.exe+0x1e3c]
C  [javaw.exe+0xa5a1]
C  [javaw.exe+0xa62b]
C  [kernel32.dll+0x4ed5c]  BaseThreadInitThunk+0x12
C  [ntdll.dll+0x637eb]  RtlInitializeExceptionChain+0xef
C  [ntdll.dll+0x637be]  RtlInitializeExceptionChain+0xc2


---------------  P R O C E S S  ---------------

Java Threads: ( => current thread )

Other Threads:

=>0x00a4c000 (exited) JavaThread "Unknown thread" [_thread_in_vm, id=9736, stack(0x01a70000,0x01ac0000)]

VM state:not at safepoint (not fully initialized)

VM Mutex/Monitor currently owned by a thread: None

GC Heap History (0 events):
No events

Deoptimization events (0 events):
No events

Internal exceptions (0 events):
No events

Events (10 events):
Event: 0.005 loading class 0x01afe458 done
Event: 0.005 loading class 0x01afcc40 done
Event: 0.005 loading class 0x01afcc18
Event: 0.005 loading class 0x01b371b0
Event: 0.005 loading class 0x01b371b0 done
Event: 0.005 loading class 0x01b371e8
Event: 0.006 loading class 0x01b371e8 done
Event: 0.006 loading class 0x17be18f0
Event: 0.006 loading class 0x17be18f0 done
Event: 0.006 loading class 0x01afcc18 done


Dynamic libraries:
0x00aa0000 - 0x00acf000 	C:\Program Files\Java\jre7\bin\javaw.exe
0x776a0000 - 0x777dc000 	C:\Windows\SYSTEM32\ntdll.dll
0x75fc0000 - 0x76094000 	C:\Windows\system32\kernel32.dll
0x758b0000 - 0x758fb000 	C:\Windows\system32\KERNELBASE.dll
0x761b0000 - 0x76250000 	C:\Windows\system32\ADVAPI32.dll
0x775f0000 - 0x7769c000 	C:\Windows\system32\msvcrt.dll
0x77110000 - 0x77129000 	C:\Windows\SYSTEM32\sechost.dll
0x76ea0000 - 0x76f42000 	C:\Windows\system32\RPCRT4.dll
0x77220000 - 0x772e9000 	C:\Windows\system32\USER32.dll
0x770c0000 - 0x7710e000 	C:\Windows\system32\GDI32.dll
0x75df0000 - 0x75dfa000 	C:\Windows\system32\LPK.dll
0x76f50000 - 0x76fed000 	C:\Windows\system32\USP10.dll
0x744f0000 - 0x7468e000 	C:\Windows\WinSxS\x86_microsoft.windows.common-controls_6595b64144ccf1df_6.0.7601.17514_none_41e6975e2bd6f2b2\COMCTL32.dll
0x77470000 - 0x774c7000 	C:\Windows\system32\SHLWAPI.dll
0x77450000 - 0x7746f000 	C:\Windows\system32\IMM32.DLL
0x76ff0000 - 0x770bc000 	C:\Windows\system32\MSCTF.dll
0x65150000 - 0x6520e000 	C:\Program Files\Java\jre7\bin\msvcr100.dll
0x50720000 - 0x50a6c000 	C:\Program Files\Java\jre7\bin\client\jvm.dll
0x6c1d0000 - 0x6c1d7000 	C:\Windows\system32\WSOCK32.dll
0x76120000 - 0x76155000 	C:\Windows\system32\WS2_32.dll
0x777e0000 - 0x777e6000 	C:\Windows\system32\NSI.dll
0x73e00000 - 0x73e32000 	C:\Windows\system32\WINMM.dll
0x77830000 - 0x77835000 	C:\Windows\system32\PSAPI.DLL
0x6ffb0000 - 0x6ffbc000 	C:\Program Files\Java\jre7\bin\verify.dll
0x6d160000 - 0x6d180000 	C:\Program Files\Java\jre7\bin\java.dll
0x6a150000 - 0x6a163000 	C:\Program Files\Java\jre7\bin\zip.dll
0x71560000 - 0x7164b000 	C:\Windows\system32\dbghelp.dll

VM Arguments:
jvm_args: -Dfile.encoding=UTF-8 -Xbootclasspath:D:\eclipse\android-sdk\platforms\android-10\android.jar 
java_command: com.mlq.diancan.Apriori1
Launcher Type: SUN_STANDARD

Environment Variables:
JAVA_HOME=C:\Program Files\Java\jdk1.7.0_17
CLASSPATH=D:\Program Files\OpenNI\Bin\org.OpenNI.jar;.;C:\Program Files\Java\jdk1.7.0_17\lib;C:\Program Files\Java\jdk1.7.0_17\lib\tools.jar
PATH=C:/Program Files/Java/jre7/bin/client;C:/Program Files/Java/jre7/bin;C:/Program Files/Java/jre7/lib/i386;C:\Program Files\NVIDIA Corporation\PhysX\Common;C:\Program Files\NVIDIA GPU Computing Toolkit\CUDA\v5.0\bin\;C:\Program Files\NVIDIA GPU Computing Toolkit\CUDA\v5.0\libnvvp\;C:\Windows\system32;C:\Windows;C:\Windows\System32\Wbem;C:\Windows\System32\WindowsPowerShell\v1.0\;D:\Program Files\OpenNI\Bin;D:\Matlab\2013a\runtime\win32;D:\Matlab\2013a\bin;D:\Matlab\2011b\runtime\win32;D:\Matlab\2011b\bin;C:\Program Files\Java\jdk1.7.0_17\bin;C:\Program Files\Java\jdk1.7.0_17\jre\bin;D:\Program Files\opencv\build\x86\vc10\bin;D:\Matlab\MCR\v81\runtime\win32;C:\Program Files\Microsoft SQL Server\90\Tools\binn\;D:\Python27;D:\Python27\Scripts;D:\Microsoft Visual Studio 9.0\VC\bin;C:\CTEX\UserData\miktex\bin;C:\CTEX\MiKTeX\miktex\bin;C:\CTEX\CTeX\ctex\bin;C:\CTEX\CTeX\cct\bin;C:\CTEX\CTeX\ty\bin;C:\CTEX\Ghostscript\gs9.05\bin;C:\CTEX\GSview\gsview;C:\CTEX\WinEdt;C:\Program Files\IDM Computer Solutions\UltraEdit\;C:\Program Files\Java\jdk1.7.0_17\bin;C:\Program Files\Java\jdk1.7.0_17\jre\bin;D:\Program Files\AAM-API-VC2005\bin;D:\Program Files\AAM-API-VC2005\diva\bin;D:\Program Files\AAM-API-VC2005\bin\VisSDK;D:\Program Files\MiKTeX 2.5\miktex\bin;D:\Python27;D:\Python27\Scripts;D:\eclipse\eclipse;
USERNAME=MLQ
OS=Windows_NT
PROCESSOR_IDENTIFIER=x86 Family 6 Model 58 Stepping 9, GenuineIntel



---------------  S Y S T E M  ---------------

OS: Windows 7 Build 7601 Service Pack 1

CPU:total 8 (4 cores per cpu, 2 threads per core) family 6 model 58 stepping 9, cmov, cx8, fxsr, mmx, sse, sse2, sse3, ssse3, sse4.1, sse4.2, popcnt, avx, ht, tsc, tscinvbit, tscinv

Memory: 4k page, physical 3637336k(1259364k free), swap 10344920k(6233192k free)

vm_info: Java HotSpot(TM) Client VM (23.7-b01) for windows-x86 JRE (1.7.0_17-b02), built on Mar  1 2013 05:04:36 by "java_re" with unknown MS VC++:1600

time: Tue Dec 10 09:05:12 2013
elapsed time: 0 seconds

